<?xml version="1.0" encoding="utf-8" standalone="no"?>
<!--This file represents the results of running a test suite-->
<test-results name="C:\Users\Nicolas\Documents\GitHub\Calculon5000\Tests\bin\Release\Tests.dll" total="5" errors="0" failures="0" not-run="0" inconclusive="0" ignored="0" skipped="0" invalid="0" date="2014-10-16" time="19:59:35">
  <environment nunit-version="2.6.3.13283" clr-version="2.0.50727.8009" os-version="Microsoft Windows NT 6.2.9200.0" platform="Win32NT" cwd="C:\Users\Nicolas\Documents\GitHub\Calculon5000" machine-name="MONOID" user="Nicolas" user-domain="MONOID" />
  <culture-info current-culture="en-GB" current-uiculture="en-GB" />
  <test-suite type="Assembly" name="C:\Users\Nicolas\Documents\GitHub\Calculon5000\Tests\bin\Release\Tests.dll" executed="True" result="Success" success="True" time="0.158" asserts="0">
    <results>
      <test-suite type="Namespace" name="Tests" executed="True" result="Success" success="True" time="0.146" asserts="0">
        <results>
          <test-suite type="TestFixture" name="ParserTests" executed="True" result="Success" success="True" time="0.140" asserts="0">
            <results>
              <test-case name="Tests.ParserTests.Addition" executed="True" result="Success" success="True" time="0.123" asserts="1" />
              <test-case name="Tests.ParserTests.Division" executed="True" result="Success" success="True" time="0.001" asserts="1" />
              <test-case name="Tests.ParserTests.Precedence" executed="True" result="Success" success="True" time="0.001" asserts="1" />
              <test-case name="Tests.ParserTests.SimpleNumber" executed="True" result="Success" success="True" time="0.001" asserts="1" />
            </results>
          </test-suite>
          <test-suite type="TestFixture" name="Test" executed="True" result="Success" success="True" time="0.001" asserts="0">
            <results>
              <test-case name="Tests.Test.TestCase" executed="True" result="Success" success="True" time="0.001" asserts="1" />
            </results>
          </test-suite>
        </results>
      </test-suite>
    </results>
  </test-suite>
</test-results>